[16/Apr/2019:15:44:28 +0300] 0:0:0:0:0:0:0:1 - HTTP/1.1 GET /org.geppetto.frontend/geppetto 404 35 796
[16/Apr/2019:15:44:28 +0300] 0:0:0:0:0:0:0:1 - HTTP/1.1 GET /org.geppetto.frontend/GeppettoServlet 404 1 796
[16/Apr/2019:15:44:38 +0300] 0:0:0:0:0:0:0:1 - HTTP/1.1 GET /org.geppetto.frontend/geppetto 200 73 3889
[16/Apr/2019:15:44:38 +0300] 0:0:0:0:0:0:0:1 - HTTP/1.1 GET /org.geppetto.frontend/GeppettoServlet 101 40 -
[16/Apr/2019:15:44:42 +0300] 0:0:0:0:0:0:0:1 - HTTP/1.1 GET /org.geppetto.frontend/GeppettoServlet 101 4 -
[16/Apr/2019:16:23:29 +0300] 0:0:0:0:0:0:0:1 - HTTP/1.1 GET /api 404 3 796
[16/Apr/2019:16:23:30 +0300] 0:0:0:0:0:0:0:1 - HTTP/1.1 GET /apis 404 0 796
[16/Apr/2019:16:23:30 +0300] 0:0:0:0:0:0:0:1 - HTTP/1.1 GET /api 404 1 796
[16/Apr/2019:16:23:30 +0300] 0:0:0:0:0:0:0:1 - HTTP/1.1 GET /apis 404 1 796
[16/Apr/2019:16:23:30 +0300] 0:0:0:0:0:0:0:1 - HTTP/1.1 GET /api 404 0 796
[16/Apr/2019:16:23:30 +0300] 0:0:0:0:0:0:0:1 - HTTP/1.1 GET /apis 404 1 796
[16/Apr/2019:16:23:30 +0300] 0:0:0:0:0:0:0:1 - HTTP/1.1 GET /api 404 1 796
[16/Apr/2019:16:23:30 +0300] 0:0:0:0:0:0:0:1 - HTTP/1.1 GET /apis 404 1 796
[16/Apr/2019:16:23:30 +0300] 0:0:0:0:0:0:0:1 - HTTP/1.1 GET /api 404 1 796
[16/Apr/2019:16:23:30 +0300] 0:0:0:0:0:0:0:1 - HTTP/1.1 GET /apis 404 0 796
[16/Apr/2019:16:27:57 +0300] 0:0:0:0:0:0:0:1 - HTTP/1.1 GET /api 404 1 796
[16/Apr/2019:16:27:57 +0300] 0:0:0:0:0:0:0:1 - HTTP/1.1 GET /apis 404 1 796
[16/Apr/2019:16:27:57 +0300] 0:0:0:0:0:0:0:1 - HTTP/1.1 GET /api 404 0 796
[16/Apr/2019:16:27:57 +0300] 0:0:0:0:0:0:0:1 - HTTP/1.1 GET /apis 404 0 796
[16/Apr/2019:16:27:57 +0300] 0:0:0:0:0:0:0:1 - HTTP/1.1 GET /api 404 1 796
[16/Apr/2019:16:27:57 +0300] 0:0:0:0:0:0:0:1 - HTTP/1.1 GET /apis 404 0 796
[16/Apr/2019:16:27:57 +0300] 0:0:0:0:0:0:0:1 - HTTP/1.1 GET /api 404 0 796
[16/Apr/2019:16:27:57 +0300] 0:0:0:0:0:0:0:1 - HTTP/1.1 GET /apis 404 0 796
[16/Apr/2019:16:27:57 +0300] 0:0:0:0:0:0:0:1 - HTTP/1.1 GET /api 404 0 796
[16/Apr/2019:16:27:57 +0300] 0:0:0:0:0:0:0:1 - HTTP/1.1 GET /apis 404 0 796
[16/Apr/2019:16:28:15 +0300] 0:0:0:0:0:0:0:1 - HTTP/1.1 GET /api 404 1 796
[16/Apr/2019:16:28:15 +0300] 0:0:0:0:0:0:0:1 - HTTP/1.1 GET /apis 404 0 796
[16/Apr/2019:16:28:15 +0300] 0:0:0:0:0:0:0:1 - HTTP/1.1 GET /api 404 0 796
[16/Apr/2019:16:28:15 +0300] 0:0:0:0:0:0:0:1 - HTTP/1.1 GET /apis 404 0 796
[16/Apr/2019:16:28:15 +0300] 0:0:0:0:0:0:0:1 - HTTP/1.1 GET /api 404 0 796
[16/Apr/2019:16:28:15 +0300] 0:0:0:0:0:0:0:1 - HTTP/1.1 GET /apis 404 1 796
[16/Apr/2019:16:28:15 +0300] 0:0:0:0:0:0:0:1 - HTTP/1.1 GET /api 404 0 796
[16/Apr/2019:16:28:15 +0300] 0:0:0:0:0:0:0:1 - HTTP/1.1 GET /apis 404 0 796
[16/Apr/2019:16:28:15 +0300] 0:0:0:0:0:0:0:1 - HTTP/1.1 GET /api 404 1 796
[16/Apr/2019:16:28:15 +0300] 0:0:0:0:0:0:0:1 - HTTP/1.1 GET /apis 404 1 796
[16/Apr/2019:16:28:24 +0300] 0:0:0:0:0:0:0:1 - HTTP/1.1 GET /api 404 0 796
[16/Apr/2019:16:28:24 +0300] 0:0:0:0:0:0:0:1 - HTTP/1.1 GET /apis 404 0 796
[16/Apr/2019:16:28:24 +0300] 0:0:0:0:0:0:0:1 - HTTP/1.1 GET /api 404 0 796
[16/Apr/2019:16:28:24 +0300] 0:0:0:0:0:0:0:1 - HTTP/1.1 GET /apis 404 1 796
[16/Apr/2019:16:28:24 +0300] 0:0:0:0:0:0:0:1 - HTTP/1.1 GET /api 404 1 796
[16/Apr/2019:16:28:24 +0300] 0:0:0:0:0:0:0:1 - HTTP/1.1 GET /apis 404 1 796
[16/Apr/2019:16:28:24 +0300] 0:0:0:0:0:0:0:1 - HTTP/1.1 GET /api 404 0 796
[16/Apr/2019:16:28:24 +0300] 0:0:0:0:0:0:0:1 - HTTP/1.1 GET /apis 404 0 796
[16/Apr/2019:16:28:24 +0300] 0:0:0:0:0:0:0:1 - HTTP/1.1 GET /api 404 0 796
[16/Apr/2019:16:28:24 +0300] 0:0:0:0:0:0:0:1 - HTTP/1.1 GET /apis 404 1 796
[16/Apr/2019:17:14:37 +0300] 0:0:0:0:0:0:0:1 - HTTP/1.1 GET /org.geppetto.frontend/geppetto 200 11 3889
[16/Apr/2019:17:14:37 +0300] 0:0:0:0:0:0:0:1 - HTTP/1.1 GET /org.geppetto.frontend/GeppettoServlet 101 6 -
[16/Apr/2019:17:14:40 +0300] 0:0:0:0:0:0:0:1 - HTTP/1.1 GET /org.geppetto.frontend/GeppettoServlet 101 3 -
[16/Apr/2019:18:23:22 +0300] 0:0:0:0:0:0:0:1 - HTTP/1.1 GET /org.geppetto.frontend/geppetto 200 5 3889
[16/Apr/2019:18:23:22 +0300] 0:0:0:0:0:0:0:1 - HTTP/1.1 GET /org.geppetto.frontend/GeppettoServlet 101 2 -
[16/Apr/2019:18:23:24 +0300] 0:0:0:0:0:0:0:1 - HTTP/1.1 GET /org.geppetto.frontend/GeppettoServlet 101 2 -
