
!ENTRY org.eclipse.equinox.console 4 0 2019-04-04 14:12:38.467
!MESSAGE FrameworkEvent ERROR
!STACK 0
java.io.IOException: Exception in opening zip file: /Users/roman/Projects/metacell/virgo-tomcat-server/work/org.eclipse.osgi/bundles/71/1/bundlefile
	at org.eclipse.osgi.framework.util.SecureAction.getZipFile(SecureAction.java:329)
	at org.eclipse.osgi.baseadaptor.bundlefile.ZipBundleFile.basicOpen(ZipBundleFile.java:86)
	at org.eclipse.osgi.baseadaptor.bundlefile.ZipBundleFile.getZipFile(ZipBundleFile.java:99)
	at org.eclipse.osgi.baseadaptor.bundlefile.ZipBundleFile.checkedOpen(ZipBundleFile.java:72)
	at org.eclipse.osgi.baseadaptor.bundlefile.ZipBundleFile.getEntry(ZipBundleFile.java:244)
	at org.eclipse.virgo.kernel.equinox.extensions.hooks.ExtendedBundleFileWrapperFactoryHook$FileResourceEnforcingBundleFile.getEntry(ExtendedBundleFileWrapperFactoryHook.java:83)
	at org.eclipse.virgo.kernel.equinox.extensions.hooks.ExtendedBundleFileWrapperFactoryHook$FileResourceEnforcingBundleFile.doGetResourceURL(ExtendedBundleFileWrapperFactoryHook.java:151)
	at org.eclipse.virgo.kernel.equinox.extensions.hooks.ExtendedBundleFileWrapperFactoryHook$FileResourceEnforcingBundleFile.getResourceURL(ExtendedBundleFileWrapperFactoryHook.java:147)
	at org.eclipse.osgi.baseadaptor.bundlefile.BundleFileWrapperChain.getResourceURL(BundleFileWrapperChain.java:63)
	at org.eclipse.osgi.baseadaptor.loader.ClasspathManager.findResourceImpl(ClasspathManager.java:361)
	at org.eclipse.osgi.baseadaptor.loader.ClasspathManager.findLocalResourceImpl(ClasspathManager.java:310)
	at org.eclipse.osgi.baseadaptor.loader.ClasspathManager.findLocalResource(ClasspathManager.java:297)
	at org.eclipse.osgi.internal.baseadaptor.DefaultClassLoader.findLocalResource(DefaultClassLoader.java:208)
	at org.eclipse.osgi.internal.loader.BundleLoader.findLocalResource(BundleLoader.java:822)
	at org.eclipse.osgi.internal.loader.BundleLoader.findResource(BundleLoader.java:624)
	at org.eclipse.osgi.internal.loader.BundleLoader.findResource(BundleLoader.java:577)
	at org.eclipse.osgi.framework.internal.core.BundleHost.getResource(BundleHost.java:275)
	at org.eclipse.virgo.medic.log.impl.config.BundleResourceConfigurationLocator.locateConfiguration(BundleResourceConfigurationLocator.java:25)
	at org.eclipse.virgo.medic.log.impl.config.CompositeConfigurationLocator.locateConfiguration(CompositeConfigurationLocator.java:31)
	at org.eclipse.virgo.medic.log.impl.logback.StandardContextSelectorDelegate.locateConfiguration(StandardContextSelectorDelegate.java:105)
	at org.eclipse.virgo.medic.log.impl.logback.StandardContextSelectorDelegate.getLoggerContext(StandardContextSelectorDelegate.java:80)
	at org.eclipse.virgo.medic.log.logback.DelegatingContextSelector.getLoggerContext(DelegatingContextSelector.java:71)
	at org.slf4j.impl.StaticLoggerBinder.getLoggerFactory(StaticLoggerBinder.java:107)
	at org.slf4j.LoggerFactory.getILoggerFactory(LoggerFactory.java:418)
	at org.slf4j.LoggerFactory.getLogger(LoggerFactory.java:357)
	at org.eclipse.virgo.medic.log.impl.LoggingPrintStreamWrapper.getLogger(LoggingPrintStreamWrapper.java:515)
	at org.eclipse.virgo.medic.log.impl.LoggingPrintStreamWrapper.createEntryAndLog(LoggingPrintStreamWrapper.java:479)
	at org.eclipse.virgo.medic.log.impl.LoggingPrintStreamWrapper.println(LoggingPrintStreamWrapper.java:439)
	at org.eclipse.equinox.console.telnet.TelnetCommand.telnet(TelnetCommand.java:168)
	at org.eclipse.equinox.console.command.adapter.Activator.stop(Activator.java:326)
	at org.eclipse.osgi.framework.internal.core.BundleContextImpl$2.run(BundleContextImpl.java:771)
	at java.security.AccessController.doPrivileged(Native Method)
	at org.eclipse.osgi.framework.internal.core.BundleContextImpl.stop(BundleContextImpl.java:764)
	at org.eclipse.osgi.framework.internal.core.BundleHost.stopWorker(BundleHost.java:510)
	at org.eclipse.osgi.framework.internal.core.AbstractBundle.suspend(AbstractBundle.java:566)
	at org.eclipse.osgi.framework.internal.core.Framework.suspendBundle(Framework.java:1206)
	at org.eclipse.osgi.framework.internal.core.StartLevelManager.decFWSL(StartLevelManager.java:592)
	at org.eclipse.osgi.framework.internal.core.StartLevelManager.doSetStartLevel(StartLevelManager.java:257)
	at org.eclipse.osgi.framework.internal.core.StartLevelManager.shutdown(StartLevelManager.java:215)
	at org.eclipse.osgi.framework.internal.core.InternalSystemBundle.suspend(InternalSystemBundle.java:284)
	at org.eclipse.osgi.framework.internal.core.Framework.shutdown(Framework.java:692)
	at org.eclipse.osgi.framework.internal.core.Framework.close(Framework.java:600)
	at org.eclipse.osgi.framework.internal.core.InternalSystemBundle$1.run(InternalSystemBundle.java:261)
	at java.lang.Thread.run(Thread.java:748)
Caused by: java.io.FileNotFoundException: /Users/roman/Projects/metacell/virgo-tomcat-server/work/org.eclipse.osgi/bundles/71/1/bundlefile (No such file or directory)
	at java.util.zip.ZipFile.open(Native Method)
	at java.util.zip.ZipFile.<init>(ZipFile.java:225)
	at java.util.zip.ZipFile.<init>(ZipFile.java:155)
	at java.util.zip.ZipFile.<init>(ZipFile.java:169)
	at org.eclipse.osgi.framework.util.SecureAction.getZipFile(SecureAction.java:312)
	... 43 more

!ENTRY org.eclipse.equinox.console 4 0 2019-04-04 14:12:38.468
!MESSAGE FrameworkEvent ERROR
!STACK 0
java.io.IOException: Exception in opening zip file: /Users/roman/Projects/metacell/virgo-tomcat-server/work/org.eclipse.osgi/bundles/71/1/bundlefile
	at org.eclipse.osgi.framework.util.SecureAction.getZipFile(SecureAction.java:329)
	at org.eclipse.osgi.baseadaptor.bundlefile.ZipBundleFile.basicOpen(ZipBundleFile.java:86)
	at org.eclipse.osgi.baseadaptor.bundlefile.ZipBundleFile.getZipFile(ZipBundleFile.java:99)
	at org.eclipse.osgi.baseadaptor.bundlefile.ZipBundleFile.checkedOpen(ZipBundleFile.java:72)
	at org.eclipse.osgi.baseadaptor.bundlefile.ZipBundleFile.getEntry(ZipBundleFile.java:244)
	at org.eclipse.virgo.kernel.equinox.extensions.hooks.ExtendedBundleFileWrapperFactoryHook$FileResourceEnforcingBundleFile.getEntry(ExtendedBundleFileWrapperFactoryHook.java:83)
	at org.eclipse.virgo.kernel.equinox.extensions.hooks.ExtendedBundleFileWrapperFactoryHook$FileResourceEnforcingBundleFile.doGetResourceURL(ExtendedBundleFileWrapperFactoryHook.java:151)
	at org.eclipse.virgo.kernel.equinox.extensions.hooks.ExtendedBundleFileWrapperFactoryHook$FileResourceEnforcingBundleFile.getResourceURL(ExtendedBundleFileWrapperFactoryHook.java:147)
	at org.eclipse.osgi.baseadaptor.bundlefile.BundleFileWrapperChain.getResourceURL(BundleFileWrapperChain.java:63)
	at org.eclipse.osgi.baseadaptor.loader.ClasspathManager.findResourceImpl(ClasspathManager.java:361)
	at org.eclipse.osgi.baseadaptor.loader.ClasspathManager.findLocalResourceImpl(ClasspathManager.java:310)
	at org.eclipse.osgi.baseadaptor.loader.ClasspathManager.findLocalResource(ClasspathManager.java:297)
	at org.eclipse.osgi.internal.baseadaptor.DefaultClassLoader.findLocalResource(DefaultClassLoader.java:208)
	at org.eclipse.osgi.internal.loader.BundleLoader.findLocalResource(BundleLoader.java:822)
	at org.eclipse.osgi.internal.loader.BundleLoader.findResource(BundleLoader.java:624)
	at org.eclipse.osgi.internal.loader.BundleLoader.findResource(BundleLoader.java:577)
	at org.eclipse.osgi.framework.internal.core.BundleHost.getResource(BundleHost.java:275)
	at org.eclipse.virgo.medic.log.impl.config.BundleResourceConfigurationLocator.locateConfiguration(BundleResourceConfigurationLocator.java:28)
	at org.eclipse.virgo.medic.log.impl.config.CompositeConfigurationLocator.locateConfiguration(CompositeConfigurationLocator.java:31)
	at org.eclipse.virgo.medic.log.impl.logback.StandardContextSelectorDelegate.locateConfiguration(StandardContextSelectorDelegate.java:105)
	at org.eclipse.virgo.medic.log.impl.logback.StandardContextSelectorDelegate.getLoggerContext(StandardContextSelectorDelegate.java:80)
	at org.eclipse.virgo.medic.log.logback.DelegatingContextSelector.getLoggerContext(DelegatingContextSelector.java:71)
	at org.slf4j.impl.StaticLoggerBinder.getLoggerFactory(StaticLoggerBinder.java:107)
	at org.slf4j.LoggerFactory.getILoggerFactory(LoggerFactory.java:418)
	at org.slf4j.LoggerFactory.getLogger(LoggerFactory.java:357)
	at org.eclipse.virgo.medic.log.impl.LoggingPrintStreamWrapper.getLogger(LoggingPrintStreamWrapper.java:515)
	at org.eclipse.virgo.medic.log.impl.LoggingPrintStreamWrapper.createEntryAndLog(LoggingPrintStreamWrapper.java:479)
	at org.eclipse.virgo.medic.log.impl.LoggingPrintStreamWrapper.println(LoggingPrintStreamWrapper.java:439)
	at org.eclipse.equinox.console.telnet.TelnetCommand.telnet(TelnetCommand.java:168)
	at org.eclipse.equinox.console.command.adapter.Activator.stop(Activator.java:326)
	at org.eclipse.osgi.framework.internal.core.BundleContextImpl$2.run(BundleContextImpl.java:771)
	at java.security.AccessController.doPrivileged(Native Method)
	at org.eclipse.osgi.framework.internal.core.BundleContextImpl.stop(BundleContextImpl.java:764)
	at org.eclipse.osgi.framework.internal.core.BundleHost.stopWorker(BundleHost.java:510)
	at org.eclipse.osgi.framework.internal.core.AbstractBundle.suspend(AbstractBundle.java:566)
	at org.eclipse.osgi.framework.internal.core.Framework.suspendBundle(Framework.java:1206)
	at org.eclipse.osgi.framework.internal.core.StartLevelManager.decFWSL(StartLevelManager.java:592)
	at org.eclipse.osgi.framework.internal.core.StartLevelManager.doSetStartLevel(StartLevelManager.java:257)
	at org.eclipse.osgi.framework.internal.core.StartLevelManager.shutdown(StartLevelManager.java:215)
	at org.eclipse.osgi.framework.internal.core.InternalSystemBundle.suspend(InternalSystemBundle.java:284)
	at org.eclipse.osgi.framework.internal.core.Framework.shutdown(Framework.java:692)
	at org.eclipse.osgi.framework.internal.core.Framework.close(Framework.java:600)
	at org.eclipse.osgi.framework.internal.core.InternalSystemBundle$1.run(InternalSystemBundle.java:261)
	at java.lang.Thread.run(Thread.java:748)
Caused by: java.io.FileNotFoundException: /Users/roman/Projects/metacell/virgo-tomcat-server/work/org.eclipse.osgi/bundles/71/1/bundlefile (No such file or directory)
	at java.util.zip.ZipFile.open(Native Method)
	at java.util.zip.ZipFile.<init>(ZipFile.java:225)
	at java.util.zip.ZipFile.<init>(ZipFile.java:155)
	at java.util.zip.ZipFile.<init>(ZipFile.java:169)
	at org.eclipse.osgi.framework.util.SecureAction.getZipFile(SecureAction.java:312)
	... 43 more

!ENTRY org.eclipse.equinox.ds 4 0 2019-04-04 14:12:38.574
!MESSAGE FrameworkEvent ERROR
!STACK 0
org.osgi.framework.BundleException: Exception in org.eclipse.equinox.internal.ds.Activator.stop() of bundle org.eclipse.equinox.ds.
	at org.eclipse.osgi.framework.internal.core.BundleContextImpl.stop(BundleContextImpl.java:791)
	at org.eclipse.osgi.framework.internal.core.BundleHost.stopWorker(BundleHost.java:510)
	at org.eclipse.osgi.framework.internal.core.AbstractBundle.suspend(AbstractBundle.java:566)
	at org.eclipse.osgi.framework.internal.core.Framework.suspendBundle(Framework.java:1206)
	at org.eclipse.osgi.framework.internal.core.StartLevelManager.decFWSL(StartLevelManager.java:592)
	at org.eclipse.osgi.framework.internal.core.StartLevelManager.doSetStartLevel(StartLevelManager.java:257)
	at org.eclipse.osgi.framework.internal.core.StartLevelManager.shutdown(StartLevelManager.java:215)
	at org.eclipse.osgi.framework.internal.core.InternalSystemBundle.suspend(InternalSystemBundle.java:284)
	at org.eclipse.osgi.framework.internal.core.Framework.shutdown(Framework.java:692)
	at org.eclipse.osgi.framework.internal.core.Framework.close(Framework.java:600)
	at org.eclipse.osgi.framework.internal.core.InternalSystemBundle$1.run(InternalSystemBundle.java:261)
	at java.lang.Thread.run(Thread.java:748)
Caused by: java.lang.NoClassDefFoundError: org/eclipse/equinox/internal/util/io/HashtableEnumerator
	at org.eclipse.equinox.internal.util.io.ExternalizableDictionary.keys(ExternalizableDictionary.java:127)
	at org.eclipse.equinox.internal.util.io.ExternalizableDictionary.writeObject(ExternalizableDictionary.java:374)
	at org.eclipse.equinox.internal.ds.storage.file.FileStorage.saveFile(FileStorage.java:192)
	at org.eclipse.equinox.internal.ds.storage.file.FileStorage.stop(FileStorage.java:178)
	at org.eclipse.equinox.internal.ds.SCRManager.stopIt(SCRManager.java:217)
	at org.eclipse.equinox.internal.ds.Activator.stop(Activator.java:204)
	at org.eclipse.osgi.framework.internal.core.BundleContextImpl$2.run(BundleContextImpl.java:771)
	at java.security.AccessController.doPrivileged(Native Method)
	at org.eclipse.osgi.framework.internal.core.BundleContextImpl.stop(BundleContextImpl.java:764)
	... 11 more
Caused by: org.eclipse.virgo.kernel.osgi.framework.ExtendedClassNotFoundException: org.eclipse.equinox.internal.util.io.HashtableEnumerator cannot be found by org.eclipse.equinox.ds_1.4.200.v20131126-2331 in KernelBundleClassLoader: [bundle=org.eclipse.equinox.ds_1.4.200.v20131126-2331]
	at org.eclipse.virgo.kernel.userregion.internal.equinox.KernelBundleClassLoader.loadClass(KernelBundleClassLoader.java:150)
	at java.lang.ClassLoader.loadClass(ClassLoader.java:357)
	... 20 more
Caused by: java.lang.ClassNotFoundException: org.eclipse.equinox.internal.util.io.HashtableEnumerator cannot be found by org.eclipse.equinox.ds_1.4.200.v20131126-2331
	at org.eclipse.osgi.internal.loader.BundleLoader.findClassInternal(BundleLoader.java:501)
	at org.eclipse.osgi.internal.loader.BundleLoader.findClass(BundleLoader.java:421)
	at org.eclipse.osgi.internal.loader.BundleLoader.findClass(BundleLoader.java:412)
	at org.eclipse.osgi.internal.baseadaptor.DefaultClassLoader.loadClass(DefaultClassLoader.java:107)
	at org.eclipse.virgo.kernel.userregion.internal.equinox.KernelBundleClassLoader.loadClass(KernelBundleClassLoader.java:146)
	... 21 more
Root exception:
java.lang.NoClassDefFoundError: org/eclipse/equinox/internal/util/io/HashtableEnumerator
	at org.eclipse.equinox.internal.util.io.ExternalizableDictionary.keys(ExternalizableDictionary.java:127)
	at org.eclipse.equinox.internal.util.io.ExternalizableDictionary.writeObject(ExternalizableDictionary.java:374)
	at org.eclipse.equinox.internal.ds.storage.file.FileStorage.saveFile(FileStorage.java:192)
	at org.eclipse.equinox.internal.ds.storage.file.FileStorage.stop(FileStorage.java:178)
	at org.eclipse.equinox.internal.ds.SCRManager.stopIt(SCRManager.java:217)
	at org.eclipse.equinox.internal.ds.Activator.stop(Activator.java:204)
	at org.eclipse.osgi.framework.internal.core.BundleContextImpl$2.run(BundleContextImpl.java:771)
	at java.security.AccessController.doPrivileged(Native Method)
	at org.eclipse.osgi.framework.internal.core.BundleContextImpl.stop(BundleContextImpl.java:764)
	at org.eclipse.osgi.framework.internal.core.BundleHost.stopWorker(BundleHost.java:510)
	at org.eclipse.osgi.framework.internal.core.AbstractBundle.suspend(AbstractBundle.java:566)
	at org.eclipse.osgi.framework.internal.core.Framework.suspendBundle(Framework.java:1206)
	at org.eclipse.osgi.framework.internal.core.StartLevelManager.decFWSL(StartLevelManager.java:592)
	at org.eclipse.osgi.framework.internal.core.StartLevelManager.doSetStartLevel(StartLevelManager.java:257)
	at org.eclipse.osgi.framework.internal.core.StartLevelManager.shutdown(StartLevelManager.java:215)
	at org.eclipse.osgi.framework.internal.core.InternalSystemBundle.suspend(InternalSystemBundle.java:284)
	at org.eclipse.osgi.framework.internal.core.Framework.shutdown(Framework.java:692)
	at org.eclipse.osgi.framework.internal.core.Framework.close(Framework.java:600)
	at org.eclipse.osgi.framework.internal.core.InternalSystemBundle$1.run(InternalSystemBundle.java:261)
	at java.lang.Thread.run(Thread.java:748)
Caused by: org.eclipse.virgo.kernel.osgi.framework.ExtendedClassNotFoundException: org.eclipse.equinox.internal.util.io.HashtableEnumerator cannot be found by org.eclipse.equinox.ds_1.4.200.v20131126-2331 in KernelBundleClassLoader: [bundle=org.eclipse.equinox.ds_1.4.200.v20131126-2331]
	at org.eclipse.virgo.kernel.userregion.internal.equinox.KernelBundleClassLoader.loadClass(KernelBundleClassLoader.java:150)
	at java.lang.ClassLoader.loadClass(ClassLoader.java:357)
	... 20 more
Caused by: java.lang.ClassNotFoundException: org.eclipse.equinox.internal.util.io.HashtableEnumerator cannot be found by org.eclipse.equinox.ds_1.4.200.v20131126-2331
	at org.eclipse.osgi.internal.loader.BundleLoader.findClassInternal(BundleLoader.java:501)
	at org.eclipse.osgi.internal.loader.BundleLoader.findClass(BundleLoader.java:421)
	at org.eclipse.osgi.internal.loader.BundleLoader.findClass(BundleLoader.java:412)
	at org.eclipse.osgi.internal.baseadaptor.DefaultClassLoader.loadClass(DefaultClassLoader.java:107)
	at org.eclipse.virgo.kernel.userregion.internal.equinox.KernelBundleClassLoader.loadClass(KernelBundleClassLoader.java:146)
	... 21 more

!ENTRY org.eclipse.osgi 4 0 2019-04-04 14:12:38.707
!MESSAGE 
!STACK 0
java.io.FileNotFoundException: /Users/roman/Projects/metacell/virgo-tomcat-server/work/org.eclipse.osgi/.manager/.fileTableLock (No such file or directory)
	at java.io.RandomAccessFile.open0(Native Method)
	at java.io.RandomAccessFile.open(RandomAccessFile.java:316)
	at java.io.RandomAccessFile.<init>(RandomAccessFile.java:243)
	at org.eclipse.core.runtime.internal.adaptor.Locker_JavaNio.lock(Locker_JavaNio.java:33)
	at org.eclipse.osgi.storagemanager.StorageManager.lock(StorageManager.java:389)
	at org.eclipse.osgi.storagemanager.StorageManager.add(StorageManager.java:220)
	at org.eclipse.osgi.storagemanager.StorageManager.closeOutputStream(StorageManager.java:902)
	at org.eclipse.osgi.storagemanager.ManagedOutputStream.close(ManagedOutputStream.java:52)
	at java.io.FilterOutputStream.close(FilterOutputStream.java:159)
	at java.io.FilterOutputStream.close(FilterOutputStream.java:159)
	at org.eclipse.osgi.internal.baseadaptor.BaseStorage.saveBundleDatas(BaseStorage.java:604)
	at org.eclipse.osgi.internal.baseadaptor.BaseStorage.saveAllData(BaseStorage.java:467)
	at org.eclipse.osgi.internal.baseadaptor.BaseStorage.frameworkStop(BaseStorage.java:930)
	at org.eclipse.osgi.baseadaptor.BaseAdaptor.frameworkStop(BaseAdaptor.java:266)
	at org.eclipse.osgi.framework.internal.core.SystemBundleActivator.stop(SystemBundleActivator.java:74)
	at org.eclipse.osgi.framework.internal.core.BundleContextImpl$2.run(BundleContextImpl.java:771)
	at java.security.AccessController.doPrivileged(Native Method)
	at org.eclipse.osgi.framework.internal.core.BundleContextImpl.stop(BundleContextImpl.java:764)
	at org.eclipse.osgi.framework.internal.core.StartLevelManager.stopSystemBundle(StartLevelManager.java:602)
	at org.eclipse.osgi.framework.internal.core.StartLevelManager.doSetStartLevel(StartLevelManager.java:262)
	at org.eclipse.osgi.framework.internal.core.StartLevelManager.shutdown(StartLevelManager.java:215)
	at org.eclipse.osgi.framework.internal.core.InternalSystemBundle.suspend(InternalSystemBundle.java:284)
	at org.eclipse.osgi.framework.internal.core.Framework.shutdown(Framework.java:692)
	at org.eclipse.osgi.framework.internal.core.Framework.close(Framework.java:600)
	at org.eclipse.osgi.framework.internal.core.InternalSystemBundle$1.run(InternalSystemBundle.java:261)
	at java.lang.Thread.run(Thread.java:748)

!ENTRY org.eclipse.osgi 4 0 2019-04-04 14:12:38.753
!MESSAGE 
!STACK 0
java.io.FileNotFoundException: /Users/roman/Projects/metacell/virgo-tomcat-server/work/org.eclipse.osgi/.manager/.fileTableLock (No such file or directory)
	at java.io.RandomAccessFile.open0(Native Method)
	at java.io.RandomAccessFile.open(RandomAccessFile.java:316)
	at java.io.RandomAccessFile.<init>(RandomAccessFile.java:243)
	at org.eclipse.core.runtime.internal.adaptor.Locker_JavaNio.lock(Locker_JavaNio.java:33)
	at org.eclipse.osgi.storagemanager.StorageManager.lock(StorageManager.java:389)
	at org.eclipse.osgi.storagemanager.StorageManager.add(StorageManager.java:220)
	at org.eclipse.osgi.storagemanager.StorageManager.add(StorageManager.java:205)
	at org.eclipse.osgi.storagemanager.StorageManager.lookup(StorageManager.java:430)
	at org.eclipse.osgi.internal.baseadaptor.BaseStorage.saveStateData(BaseStorage.java:674)
	at org.eclipse.osgi.internal.baseadaptor.BaseStorage.saveAllData(BaseStorage.java:468)
	at org.eclipse.osgi.internal.baseadaptor.BaseStorage.frameworkStop(BaseStorage.java:930)
	at org.eclipse.osgi.baseadaptor.BaseAdaptor.frameworkStop(BaseAdaptor.java:266)
	at org.eclipse.osgi.framework.internal.core.SystemBundleActivator.stop(SystemBundleActivator.java:74)
	at org.eclipse.osgi.framework.internal.core.BundleContextImpl$2.run(BundleContextImpl.java:771)
	at java.security.AccessController.doPrivileged(Native Method)
	at org.eclipse.osgi.framework.internal.core.BundleContextImpl.stop(BundleContextImpl.java:764)
	at org.eclipse.osgi.framework.internal.core.StartLevelManager.stopSystemBundle(StartLevelManager.java:602)
	at org.eclipse.osgi.framework.internal.core.StartLevelManager.doSetStartLevel(StartLevelManager.java:262)
	at org.eclipse.osgi.framework.internal.core.StartLevelManager.shutdown(StartLevelManager.java:215)
	at org.eclipse.osgi.framework.internal.core.InternalSystemBundle.suspend(InternalSystemBundle.java:284)
	at org.eclipse.osgi.framework.internal.core.Framework.shutdown(Framework.java:692)
	at org.eclipse.osgi.framework.internal.core.Framework.close(Framework.java:600)
	at org.eclipse.osgi.framework.internal.core.InternalSystemBundle$1.run(InternalSystemBundle.java:261)
	at java.lang.Thread.run(Thread.java:748)
